(1346351422)--GAME: 5
(1346351423)--
moderator listener thread started
(1346351432)--1tos connected
(1346351434)--2tos connected
(1346351436)--3tos connected
(1346351441)--Moderator skipped current section.
(1346351441)--roles assigned
(1346351441)--group chat thread started
(1346351441)--
Begin.
(1346351441)--There are 1 wolves, and 2 townspeople.
(1346351441)--


(1346351441)--**************************************************
(1346351441)--*********************ROUND 1*********************
(1346351441)--***************3 players remain.***************
(1346351441)--**************************************************
(1346351441)--Townspeople: ['1tos', '2tos', '3tos']
(1346351441)--Werewolves: ['2tos']
(1346351441)--Witch: ['1tos']
(1346351441)--Night falls and the town sleeps.  Everyone close your eyes
(1346351442)--Werewolves, open your eyes.
(1346351442)--Werewolves, ['2tos'], you must choose a victim.  You have 120 seconds to discuss.
(1346351446)--moderator-break
(1346351472)--close
(1346351472)--
GAME FORCE QUIT BY MODERATOR
